<?xml version="1.0" encoding="UTF-8"?>
<!-- Generated by org.testng.reporters.JUnitXMLReporter -->
<testsuite ignored="0" hostname="Vivobook-14" failures="2" tests="4" name="Command line test" time="199.956" errors="0" timestamp="11 Aug 2021 05:02:29 GMT">
  <testcase classname="LoginModule.LoginTest" name="login" time="61.986"/>
  <testcase classname="LoginModule.LoginTest" name="login" time="31.187">
    <failure type="java.lang.AssertionError" message="invalid credentials">
      <![CDATA[java.lang.AssertionError: invalid credentials
at LoginModule.LoginTest.login(LoginTest.java:38)
... Removed 35 stack frames]]>
    </failure>
  </testcase> <!-- login -->
  <testcase classname="LoginModule.LoginTest" name="login" time="37.61">
    <failure type="java.lang.AssertionError" message="invalid credentials">
      <![CDATA[java.lang.AssertionError: invalid credentials
at LoginModule.LoginTest.login(LoginTest.java:38)
... Removed 35 stack frames]]>
    </failure>
  </testcase> <!-- login -->
  <testcase classname="LoginModule.LoginTest" name="login" time="58.71"/>
</testsuite> <!-- Command line test -->
