<?xml version="1.0" encoding="UTF-8" ?>
<testsuite tests="4" failures="2" name="LoginModule.LoginTest" time="190.005" errors="0" skipped="0">
  <properties>
[...]
</properties>
  <testcase classname="LoginModule.LoginTest" name="login" time="61.991"/>
  <testcase classname="LoginModule.LoginTest" name="login" time="31.456">
    <failure message="invalid credentials" type="java.lang.AssertionError">java.lang.AssertionError: invalid credentials
	at org.testng.Assert.fail(Assert.java:96)
	at LoginModule.LoginTest.login(LoginTest.java:38)
</failure>
    <system-err>Starting ChromeDriver 92.0.4515.107 (87a818b10553a07434ea9e2b6dccf3cbe7895134-refs/branch-heads/4515@{#1634}) on port 22221
Only local connections are allowed.
Please see https://chromedriver.chromium.org/security-considerations for suggestions on keeping ChromeDriver safe.
ChromeDriver was started successfully.
Aug 11, 2021 10:30:16 AM org.openqa.selenium.remote.ProtocolHandshake createSession
INFO: Detected dialect: W3C
</system-err>
  </testcase>
  <testcase classname="LoginModule.LoginTest" name="login" time="37.848">
    <failure message="invalid credentials" type="java.lang.AssertionError">java.lang.AssertionError: invalid credentials
	at org.testng.Assert.fail(Assert.java:96)
	at LoginModule.LoginTest.login(LoginTest.java:38)
</failure>
    <system-err>Starting ChromeDriver 92.0.4515.107 (87a818b10553a07434ea9e2b6dccf3cbe7895134-refs/branch-heads/4515@{#1634}) on port 8842
Only local connections are allowed.
Please see https://chromedriver.chromium.org/security-considerations for suggestions on keeping ChromeDriver safe.
ChromeDriver was started successfully.
Aug 11, 2021 10:30:50 AM org.openqa.selenium.remote.ProtocolHandshake createSession
INFO: Detected dialect: W3C
</system-err>
  </testcase>
  <testcase classname="LoginModule.LoginTest" name="login" time="58.71"/>
</testsuite>